{
  "stats": {
    "suites": 1,
    "tests": 1,
    "passes": 1,
    "pending": 0,
    "failures": 0,
    "start": "2022-05-14T19:10:57.890Z",
    "end": "2022-05-14T19:11:02.740Z",
    "duration": 4850,
    "testsRegistered": 1,
    "passPercent": 100,
    "pendingPercent": 0,
    "other": 0,
    "hasOther": false,
    "skipped": 0,
    "hasSkipped": false
  },
  "results": [
    {
      "uuid": "6aa5bac6-ce3d-494d-9872-76b2a8f90f8d",
      "title": "",
      "fullFile": "cypress/integration/todomvc-actions.spec.js",
      "file": "cypress/integration/todomvc-actions.spec.js",
      "beforeHooks": [],
      "afterHooks": [],
      "tests": [],
      "suites": [
        {
          "uuid": "8395538b-ab7b-4d80-8a64-ae94fe53652d",
          "title": "todo actions",
          "fullFile": "",
          "file": "",
          "beforeHooks": [],
          "afterHooks": [],
          "tests": [
            {
              "title": "should add a new todo to the list",
              "fullTitle": "todo actions should add a new todo to the list",
              "timedOut": null,
              "duration": 1988,
              "state": "passed",
              "speed": "fast",
              "pass": true,
              "fail": false,
              "pending": false,
              "context": null,
              "code": "todoPageObj.addTodo('Clean room');",
              "err": {},
              "uuid": "ea4f8dd1-6ae8-44a1-85ac-21a030eaf993",
              "parentUUID": "8395538b-ab7b-4d80-8a64-ae94fe53652d",
              "isHook": false,
              "skipped": false
            }
          ],
          "suites": [],
          "passes": [
            "ea4f8dd1-6ae8-44a1-85ac-21a030eaf993"
          ],
          "failures": [],
          "pending": [],
          "skipped": [],
          "duration": 1988,
          "root": false,
          "rootEmpty": false,
          "_timeout": 2000
        }
      ],
      "passes": [],
      "failures": [],
      "pending": [],
      "skipped": [],
      "duration": 0,
      "root": true,
      "rootEmpty": true,
      "_timeout": 2000
    }
  ],
  "meta": {
    "mocha": {
      "version": "7.0.1"
    },
    "mochawesome": {
      "options": {
        "quiet": false,
        "reportFilename": "mochawesome",
        "saveHtml": false,
        "saveJson": true,
        "consoleReporter": "spec",
        "useInlineDiffs": false,
        "code": true
      },
      "version": "7.1.3"
    },
    "marge": {
      "options": {
        "id": "default",
        "reportDir": "mochawesome-report",
        "quite": true,
        "overwrite": false,
        "html": false,
        "json": true
      },
      "version": "6.2.0"
    }
  }
}