{
  "stats": {
    "suites": 1,
    "tests": 2,
    "passes": 2,
    "pending": 0,
    "failures": 0,
    "start": "2022-05-14T19:09:36.647Z",
    "end": "2022-05-14T19:09:44.056Z",
    "duration": 7409,
    "testsRegistered": 2,
    "passPercent": 100,
    "pendingPercent": 0,
    "other": 0,
    "hasOther": false,
    "skipped": 0,
    "hasSkipped": false
  },
  "results": [
    {
      "uuid": "7a0422c1-948c-4b8a-855d-daf0e6f14923",
      "title": "",
      "fullFile": "cypress/integration/123.spec.js",
      "file": "cypress/integration/123.spec.js",
      "beforeHooks": [],
      "afterHooks": [],
      "tests": [],
      "suites": [
        {
          "uuid": "e7330cce-0a0d-4a7e-8459-7e5a0ceb803d",
          "title": "Text box with max charaters",
          "fullFile": "",
          "file": "",
          "beforeHooks": [],
          "afterHooks": [],
          "tests": [
            {
              "title": "displays the appropriate remaining charaters count",
              "fullTitle": "Text box with max charaters displays the appropriate remaining charaters count",
              "timedOut": null,
              "duration": 5711,
              "state": "passed",
              "speed": "medium",
              "pass": true,
              "fail": false,
              "pending": false,
              "context": null,
              "code": "cy.visit('http://localhost:3000/example-3');\ncy.get('[data-cy=\"first-name-chars-left-count\"]').as('charsLeftSpan');\ncy.get('[data-cy=\"input-first-name\"]').as('charInput');\ncy.get('@charsLeftSpan').then($charsLeftSpan => {\n  expect($charsLeftSpan.text()).to.equals('15');\n});\ncy.get('@charInput').type('hello');\ncy.get('@charsLeftSpan').then($charsLeftSpan => {\n  expect($charsLeftSpan.text()).to.equals('10');\n});\ncy.get('@charInput').type(' my friend');\ncy.get('@charsLeftSpan').then($charsLeftSpan => {\n  expect($charsLeftSpan.text()).to.equals('0');\n});\n/*\ncy.get('@charsLeftSpan').invoke('text').should('equal', '15');\ncy.get('@charInput').type('hello');\ncy.get('@charsLeftSpan').invoke('text').should('equal', '10');\ncy.get('@charInput').type(' my friend');\ncy.get('@charsLeftSpan').invoke('text').should('equal', '0');\n*/",
              "err": {},
              "uuid": "794c6adb-3a7f-41c5-85c5-ce181b03132a",
              "parentUUID": "e7330cce-0a0d-4a7e-8459-7e5a0ceb803d",
              "isHook": false,
              "skipped": false
            },
            {
              "title": "prevents the user from typing more characters once max limit is exceeded",
              "fullTitle": "Text box with max charaters prevents the user from typing more characters once max limit is exceeded",
              "timedOut": null,
              "duration": 1572,
              "state": "passed",
              "speed": "fast",
              "pass": true,
              "fail": false,
              "pending": false,
              "context": null,
              "code": "cy.visit('http://localhost:3000/example-3');\ncy.get('[data-cy=\"input-last-name\"]').type('qwertyuiopasdfghjklzxcvvnm');\ncy.get('[data-cy=\"input-last-name\"]').should('have.attr', 'value', 'qwertyuiopasdfg');",
              "err": {},
              "uuid": "7942cb13-3d08-40b5-9aee-d3df9c1333a2",
              "parentUUID": "e7330cce-0a0d-4a7e-8459-7e5a0ceb803d",
              "isHook": false,
              "skipped": false
            }
          ],
          "suites": [],
          "passes": [
            "794c6adb-3a7f-41c5-85c5-ce181b03132a",
            "7942cb13-3d08-40b5-9aee-d3df9c1333a2"
          ],
          "failures": [],
          "pending": [],
          "skipped": [],
          "duration": 7283,
          "root": false,
          "rootEmpty": false,
          "_timeout": 2000
        }
      ],
      "passes": [],
      "failures": [],
      "pending": [],
      "skipped": [],
      "duration": 0,
      "root": true,
      "rootEmpty": true,
      "_timeout": 2000
    }
  ],
  "meta": {
    "mocha": {
      "version": "7.0.1"
    },
    "mochawesome": {
      "options": {
        "quiet": false,
        "reportFilename": "mochawesome",
        "saveHtml": false,
        "saveJson": true,
        "consoleReporter": "spec",
        "useInlineDiffs": false,
        "code": true
      },
      "version": "7.1.3"
    },
    "marge": {
      "options": {
        "id": "default",
        "reportDir": "mochawesome-report",
        "quite": true,
        "overwrite": false,
        "html": false,
        "json": true
      },
      "version": "6.2.0"
    }
  }
}