{
  "stats": {
    "suites": 1,
    "tests": 2,
    "passes": 2,
    "pending": 0,
    "failures": 0,
    "start": "2022-05-14T19:07:50.042Z",
    "end": "2022-05-14T19:07:57.124Z",
    "duration": 7082,
    "testsRegistered": 2,
    "passPercent": 100,
    "pendingPercent": 0,
    "other": 0,
    "hasOther": false,
    "skipped": 0,
    "hasSkipped": false
  },
  "results": [
    {
      "uuid": "f726c829-ff96-49ad-a8f6-29902e139fb0",
      "title": "",
      "fullFile": "cypress/integration/Aliasing.spec.js",
      "file": "cypress/integration/Aliasing.spec.js",
      "beforeHooks": [],
      "afterHooks": [],
      "tests": [],
      "suites": [
        {
          "uuid": "4d9159f9-51ea-40fe-8dee-7a3d0287e800",
          "title": "Text box with max charaters",
          "fullFile": "",
          "file": "",
          "beforeHooks": [],
          "afterHooks": [],
          "tests": [
            {
              "title": "displays the appropriate remaining charaters count",
              "fullTitle": "Text box with max charaters displays the appropriate remaining charaters count",
              "timedOut": null,
              "duration": 5685,
              "state": "passed",
              "speed": "medium",
              "pass": true,
              "fail": false,
              "pending": false,
              "context": null,
              "code": "cy.visit('http://localhost:3000/example-3');\ncy.get('[data-cy=\"first-name-chars-left-count\"]').as('charsLeftSpan');\ncy.get('[data-cy=\"input-first-name\"]').as('charInput');\ncy.get('@charsLeftSpan').then($charsLeftSpan => {\n  expect($charsLeftSpan.text()).to.equals('15');\n});\ncy.get('@charInput').type('hello');\ncy.get('@charsLeftSpan').then($charsLeftSpan => {\n  expect($charsLeftSpan.text()).to.equals('10');\n});\ncy.get('@charInput').type(' my friend');\ncy.get('@charsLeftSpan').then($charsLeftSpan => {\n  expect($charsLeftSpan.text()).to.equals('0');\n});\n/*\ncy.get('@charsLeftSpan').invoke('text').should('equal', '15');\ncy.get('@charInput').type('hello');\ncy.get('@charsLeftSpan').invoke('text').should('equal', '10');\ncy.get('@charInput').type(' my friend');\ncy.get('@charsLeftSpan').invoke('text').should('equal', '0');\n*/",
              "err": {},
              "uuid": "0639b13c-152e-470b-a191-3685af036771",
              "parentUUID": "4d9159f9-51ea-40fe-8dee-7a3d0287e800",
              "isHook": false,
              "skipped": false
            },
            {
              "title": "prevents the user from typing more characters once max is exceeded",
              "fullTitle": "Text box with max charaters prevents the user from typing more characters once max is exceeded",
              "timedOut": null,
              "duration": 1311,
              "state": "passed",
              "speed": "fast",
              "pass": true,
              "fail": false,
              "pending": false,
              "context": null,
              "code": "cy.visit('http://localhost:3000/example-3');\ncy.get('[data-cy=\"input-last-name\"]').type('qwertyuiopasdfghjklzxcvvnm');\ncy.get('[data-cy=\"input-last-name\"]').should('have.attr', 'value', 'qwertyuiopasdfg');",
              "err": {},
              "uuid": "e3726e49-8dd5-46a3-bb34-4f7ac2ab2ee3",
              "parentUUID": "4d9159f9-51ea-40fe-8dee-7a3d0287e800",
              "isHook": false,
              "skipped": false
            }
          ],
          "suites": [],
          "passes": [
            "0639b13c-152e-470b-a191-3685af036771",
            "e3726e49-8dd5-46a3-bb34-4f7ac2ab2ee3"
          ],
          "failures": [],
          "pending": [],
          "skipped": [],
          "duration": 6996,
          "root": false,
          "rootEmpty": false,
          "_timeout": 2000
        }
      ],
      "passes": [],
      "failures": [],
      "pending": [],
      "skipped": [],
      "duration": 0,
      "root": true,
      "rootEmpty": true,
      "_timeout": 2000
    }
  ],
  "meta": {
    "mocha": {
      "version": "7.0.1"
    },
    "mochawesome": {
      "options": {
        "quiet": false,
        "reportFilename": "mochawesome",
        "saveHtml": false,
        "saveJson": true,
        "consoleReporter": "spec",
        "useInlineDiffs": false,
        "code": true
      },
      "version": "7.1.3"
    },
    "marge": {
      "options": {
        "id": "default",
        "reportDir": "mochawesome-report",
        "quite": true,
        "overwrite": false,
        "html": false,
        "json": true
      },
      "version": "6.2.0"
    }
  }
}