{
  "stats": {
    "suites": 1,
    "tests": 1,
    "passes": 1,
    "pending": 0,
    "failures": 0,
    "start": "2022-05-14T19:10:04.416Z",
    "end": "2022-05-14T19:10:11.066Z",
    "duration": 6650,
    "testsRegistered": 1,
    "passPercent": 100,
    "pendingPercent": 0,
    "other": 0,
    "hasOther": false,
    "skipped": 0,
    "hasSkipped": false
  },
  "results": [
    {
      "uuid": "e129f152-40f5-49fb-9784-1f5bf4b4d333",
      "title": "",
      "fullFile": "cypress/integration/BeforeEach.spec.js",
      "file": "cypress/integration/BeforeEach.spec.js",
      "beforeHooks": [],
      "afterHooks": [],
      "tests": [],
      "suites": [
        {
          "uuid": "0fc67931-09d8-4ee1-b72a-5dfa401f6e2a",
          "title": "Text box with max characters",
          "fullFile": "",
          "file": "",
          "beforeHooks": [],
          "afterHooks": [],
          "tests": [
            {
              "title": "prevents the user from typing more characters once max is exceeded",
              "fullTitle": "Text box with max characters prevents the user from typing more characters once max is exceeded",
              "timedOut": null,
              "duration": 6471,
              "state": "passed",
              "speed": "medium",
              "pass": true,
              "fail": false,
              "pending": false,
              "context": null,
              "code": "cy.get('@charInput').clear();\ncy.get('@charInput').type('qwertyuiopasdfghjklzxcvvnm');\ncy.get('@charInput').should('have.attr', 'value', 'qwertyuiopasdfg');",
              "err": {},
              "uuid": "955d13f8-c81d-4b59-b49f-40aa415e6cdb",
              "parentUUID": "0fc67931-09d8-4ee1-b72a-5dfa401f6e2a",
              "isHook": false,
              "skipped": false
            }
          ],
          "suites": [],
          "passes": [
            "955d13f8-c81d-4b59-b49f-40aa415e6cdb"
          ],
          "failures": [],
          "pending": [],
          "skipped": [],
          "duration": 6471,
          "root": false,
          "rootEmpty": false,
          "_timeout": 2000
        }
      ],
      "passes": [],
      "failures": [],
      "pending": [],
      "skipped": [],
      "duration": 0,
      "root": true,
      "rootEmpty": true,
      "_timeout": 2000
    }
  ],
  "meta": {
    "mocha": {
      "version": "7.0.1"
    },
    "mochawesome": {
      "options": {
        "quiet": false,
        "reportFilename": "mochawesome",
        "saveHtml": false,
        "saveJson": true,
        "consoleReporter": "spec",
        "useInlineDiffs": false,
        "code": true
      },
      "version": "7.1.3"
    },
    "marge": {
      "options": {
        "id": "default",
        "reportDir": "mochawesome-report",
        "quite": true,
        "overwrite": false,
        "html": false,
        "json": true
      },
      "version": "6.2.0"
    }
  }
}