{
  "stats": {
    "suites": 1,
    "tests": 6,
    "passes": 6,
    "pending": 0,
    "failures": 0,
    "start": "2022-05-14T19:08:19.141Z",
    "end": "2022-05-14T19:08:28.224Z",
    "duration": 9083,
    "testsRegistered": 6,
    "passPercent": 100,
    "pendingPercent": 0,
    "other": 0,
    "hasOther": false,
    "skipped": 0,
    "hasSkipped": false
  },
  "results": [
    {
      "uuid": "af2dc5e3-5e53-45db-ac23-018f953e4159",
      "title": "",
      "fullFile": "cypress/integration/ElementsInteractions.spec.js",
      "file": "cypress/integration/ElementsInteractions.spec.js",
      "beforeHooks": [],
      "afterHooks": [],
      "tests": [],
      "suites": [
        {
          "uuid": "47fc64b4-e853-4c87-a285-e0d29b122b08",
          "title": "Basic Page Elements Interaction",
          "fullFile": "",
          "file": "",
          "beforeHooks": [],
          "afterHooks": [],
          "tests": [
            {
              "title": "Test Case1 - sets the headertext to the items name when doubled clicked",
              "fullTitle": "Basic Page Elements Interaction Test Case1 - sets the headertext to the items name when doubled clicked",
              "timedOut": null,
              "duration": 4671,
              "state": "passed",
              "speed": "fast",
              "pass": true,
              "fail": false,
              "pending": false,
              "context": null,
              "code": "cy.get('[data-cy=box-1-items-list] > :nth-child(2)').dblclick();\ncy.get('[data-cy=box-1-selected-name]').invoke('text').should('equal', 'Option Two'); // taking Percy snapshot \ncy.percySnapshot('Test Case1');",
              "err": {},
              "uuid": "dff06956-ae2f-4553-a3f3-3149a43bae3c",
              "parentUUID": "47fc64b4-e853-4c87-a285-e0d29b122b08",
              "isHook": false,
              "skipped": false
            },
            {
              "title": "Test Case2 - displays the correct count for the selected checkboxes",
              "fullTitle": "Basic Page Elements Interaction Test Case2 - displays the correct count for the selected checkboxes",
              "timedOut": null,
              "duration": 1516,
              "state": "passed",
              "speed": "fast",
              "pass": true,
              "fail": false,
              "pending": false,
              "context": null,
              "code": "cy.get('[data-cy=box-2-selected-count]').invoke('text').should('equal', '0');\ncy.get('[data-cy=box-2-checkboxes] > :nth-child(1) input').check(); //check if the first checkbox elements get selected\ncy.get('[data-cy=box-2-checkboxes] > :nth-child(1) input').should('be.checked'); // another way to verify the text-content on page \ncy.get('[data-cy=box-2-selected-count]').should('have.text', '1');\ncy.get('[data-cy=box-2-checkboxes] > :nth-child(3) input').check();\ncy.get('[data-cy=box-2-selected-count]').invoke('text').should('equal', '2'); // taking Percy snapshot \ncy.percySnapshot('Test Case1');",
              "err": {},
              "uuid": "d983d9e3-a636-461c-86fd-8d37befba7e4",
              "parentUUID": "47fc64b4-e853-4c87-a285-e0d29b122b08",
              "isHook": false,
              "skipped": false
            },
            {
              "title": "Test Case3 - Dropdown list  - this should display name of currently selected item",
              "fullTitle": "Basic Page Elements Interaction Test Case3 - Dropdown list  - this should display name of currently selected item",
              "timedOut": null,
              "duration": 484,
              "state": "passed",
              "speed": "fast",
              "pass": true,
              "fail": false,
              "pending": false,
              "context": null,
              "code": "cy.get('[data-cy=box-3-dropdown]').select('Option Two');\ncy.get('[data-cy=box-3-selected-name]').invoke('text').should('equal', 'Option Two'); // taking Percy snapshot \ncy.percySnapshot('Test Case1');",
              "err": {},
              "uuid": "4375d37e-3ae5-466f-974f-49ad7abebeb2",
              "parentUUID": "47fc64b4-e853-4c87-a285-e0d29b122b08",
              "isHook": false,
              "skipped": false
            },
            {
              "title": "Test Case4 - Mouse Hover functionality verification",
              "fullTitle": "Basic Page Elements Interaction Test Case4 - Mouse Hover functionality verification",
              "timedOut": null,
              "duration": 425,
              "state": "passed",
              "speed": "fast",
              "pass": true,
              "fail": false,
              "pending": false,
              "context": null,
              "code": "// debug statement which can be used in Browser Inspect Mode -> Sources tab\ncy.get('[data-cy=box-4-items-list] > :nth-child(3)').trigger('mouseover').debug(); // assertion for checking EXISTENCE of element\ncy.get('[data-cy=box-4-selected-name]').should('exist'); // assertion for chekcing VISIBILITY of element \ncy.get('[data-cy=box-4-selected-name]').should('be.visible'); // how to use AND for multiple assertions \ncy.get('[data-cy=box-4-selected-name]').invoke('text').should('equal', 'Option Three').and('contains', 'Option'); // Partial Text - Contains assertion \ncy.get('[class=\"sc-htoDjs jiqlbg\"]').contains('Option Three'); // taking Percy snapshot \ncy.percySnapshot('Test Case1');",
              "err": {},
              "uuid": "655a5388-f037-4527-8627-008530fd56a9",
              "parentUUID": "47fc64b4-e853-4c87-a285-e0d29b122b08",
              "isHook": false,
              "skipped": false
            },
            {
              "title": "should pass the audits",
              "fullTitle": "Basic Page Elements Interaction should pass the audits",
              "timedOut": null,
              "duration": 266,
              "state": "passed",
              "speed": "fast",
              "pass": true,
              "fail": false,
              "pending": false,
              "context": null,
              "code": "cy.lighthouse({\n  accessibility: 65,\n  performance: 12,\n  seo: 65\n}, {\n  formFactor: 'desktop',\n  screenEmulation: {\n    disabled: true\n  }\n});",
              "err": {},
              "uuid": "b1829c5b-2512-4e75-afbd-76e2521fc6f8",
              "parentUUID": "47fc64b4-e853-4c87-a285-e0d29b122b08",
              "isHook": false,
              "skipped": false
            },
            {
              "title": "should run performance audits using custom thresholds",
              "fullTitle": "Basic Page Elements Interaction should run performance audits using custom thresholds",
              "timedOut": null,
              "duration": 769,
              "state": "passed",
              "speed": "fast",
              "pass": true,
              "fail": false,
              "pending": false,
              "context": null,
              "code": "const customThresholds = {\n  performance: 10,\n  accessibility: 50,\n  seo: 70,\n  'first-contentful-paint': 5000,\n  'largest-contentful-paint': 5000,\n  'cumulative-layout-shift': 0.1,\n  'total-blocking-time': 1500\n};\nconst desktopConfig = {\n  formFactor: 'desktop',\n  screenEmulation: {\n    disabled: true\n  }\n};\ncy.visit('/');\ncy.lighthouse(customThresholds, desktopConfig);",
              "err": {},
              "uuid": "e5b4d92e-1b2b-46df-a2e3-ed8556e52cf9",
              "parentUUID": "47fc64b4-e853-4c87-a285-e0d29b122b08",
              "isHook": false,
              "skipped": false
            }
          ],
          "suites": [],
          "passes": [
            "dff06956-ae2f-4553-a3f3-3149a43bae3c",
            "d983d9e3-a636-461c-86fd-8d37befba7e4",
            "4375d37e-3ae5-466f-974f-49ad7abebeb2",
            "655a5388-f037-4527-8627-008530fd56a9",
            "b1829c5b-2512-4e75-afbd-76e2521fc6f8",
            "e5b4d92e-1b2b-46df-a2e3-ed8556e52cf9"
          ],
          "failures": [],
          "pending": [],
          "skipped": [],
          "duration": 8131,
          "root": false,
          "rootEmpty": false,
          "_timeout": 2000
        }
      ],
      "passes": [],
      "failures": [],
      "pending": [],
      "skipped": [],
      "duration": 0,
      "root": true,
      "rootEmpty": true,
      "_timeout": 2000
    }
  ],
  "meta": {
    "mocha": {
      "version": "7.0.1"
    },
    "mochawesome": {
      "options": {
        "quiet": false,
        "reportFilename": "mochawesome",
        "saveHtml": false,
        "saveJson": true,
        "consoleReporter": "spec",
        "useInlineDiffs": false,
        "code": true
      },
      "version": "7.1.3"
    },
    "marge": {
      "options": {
        "id": "default",
        "reportDir": "mochawesome-report",
        "quite": true,
        "overwrite": false,
        "html": false,
        "json": true
      },
      "version": "6.2.0"
    }
  }
}